RUN	gatling.LoadSimulation	loadsimulation	1653422132443	 	3.7.6
USER	Testing Application - Load	START	1653422133105
USER	Testing Application - Load	START	1653422133105
REQUEST		createGameField	1653422133129	1653422133303	OK	 
REQUEST		createGameField	1653422133129	1653422133303	OK	 
REQUEST		movePiece	1653422134333	1653422134597	OK	 
REQUEST		movePiece	1653422134333	1653422134597	OK	 
REQUEST		movePiece	1653422135612	1653422135855	OK	 
REQUEST		movePiece	1653422135612	1653422135855	OK	 
REQUEST		saveGame	1653422136866	1653422136940	OK	 
REQUEST		saveGame	1653422136866	1653422136940	OK	 
REQUEST		loadGame	1653422137947	1653422138122	OK	 
REQUEST		loadGame	1653422137947	1653422138122	OK	 
REQUEST		undo	1653422139135	1653422139250	OK	 
REQUEST		undo	1653422139134	1653422139250	OK	 
REQUEST		redo	1653422140262	1653422140384	OK	 
REQUEST		redo	1653422140262	1653422140384	OK	 
REQUEST		getGameField	1653422141391	1653422141416	OK	 
REQUEST		getGameField	1653422141391	1653422141417	OK	 
USER	Testing Application - Load	END	1653422141419
USER	Testing Application - Load	END	1653422141419
